<?xml version="1.0" encoding="UTF-8"?>
<!-- Generated by org.testng.reporters.JUnitReportReporter -->
<testsuite hostname="TL0017" failures="0" tests="1" name="testcase.CucumberRunner" time="4.298" errors="0" timestamp="2023-08-21T16:01:36 IST" skipped="0">
  <testcase classname="testcase.CucumberRunner" name="runScenario" time="4.298"/>
  <system-out/>
</testsuite> <!-- testcase.CucumberRunner -->
