<?xml version="1.0" encoding="UTF-8"?>
<!-- Generated by org.testng.reporters.JUnitReportReporter -->
<testsuite hostname="TL0017" failures="0" tests="2" name="testcase.TC002_CreateLead" time="32.542" errors="0" timestamp="2023-08-21T16:01:36 IST" skipped="0">
  <testcase classname="testcase.TC002_CreateLead" name="runCreate" time="18.690"/>
  <system-out/>
  <testcase classname="testcase.TC002_CreateLead" name="runCreate" time="13.852"/>
  <system-out/>
</testsuite> <!-- testcase.TC002_CreateLead -->
