<?xml version="1.0" encoding="UTF-8"?>
<!-- Generated by org.testng.reporters.JUnitReportReporter -->
<testsuite hostname="TL0017" failures="0" tests="1" name="testcase.TC001_Login" time="10.800" errors="0" timestamp="2023-08-21T10:35:06 IST" skipped="0">
  <testcase classname="testcase.TC001_Login" name="runLogin" time="10.800"/>
  <system-out/>
</testsuite> <!-- testcase.TC001_Login -->
