<?xml version="1.0" encoding="UTF-8"?>
<!-- Generated by org.testng.reporters.JUnitReportReporter -->
<testsuite hostname="TL0017" failures="0" tests="2" name="testcase.TC002_CreateLead" time="49.312" errors="0" timestamp="2023-08-21T10:35:06 IST" skipped="0">
  <testcase classname="testcase.TC002_CreateLead" name="runCreate" time="21.227"/>
  <system-out/>
  <testcase classname="testcase.TC002_CreateLead" name="runCreate" time="28.085"/>
  <system-out/>
</testsuite> <!-- testcase.TC002_CreateLead -->
