<?xml version="1.0" encoding="UTF-8"?>
<!-- Generated by org.testng.reporters.JUnitReportReporter -->
<testsuite hostname="TL0017" failures="0" tests="1" name="testcase.TC002_CreateLead" time="28.842" errors="0" timestamp="2023-08-17T12:43:12 IST" skipped="0">
  <testcase classname="testcase.TC002_CreateLead" name="runCreate" time="28.842"/>
  <system-out/>
</testsuite> <!-- testcase.TC002_CreateLead -->
