<?xml version="1.0" encoding="UTF-8"?>
<!-- Generated by org.testng.reporters.JUnitReportReporter -->
<testsuite hostname="TL0017" failures="0" tests="1" name="testcase.TC001_Login" time="24.424" errors="0" timestamp="2023-08-17T12:43:12 IST" skipped="0">
  <testcase classname="testcase.TC001_Login" name="runLogin" time="24.424"/>
  <system-out/>
</testsuite> <!-- testcase.TC001_Login -->
